Building...
/usr/lib/dotnet/sdk/8.0.107/Microsoft.Common.CurrentVersion.targets(2146,5): warning : The referenced project '../HNG-Boilerplate-Application/HNG-Boilerplate-Application.csproj' does not exist. [/home/devops-intern/hng_boilerplate_csharp_web/src/Hng.Web/Hng.Web.csproj]
info: Microsoft.Hosting.Lifetime[14]
      Now listening on: http://localhost:5288
info: Microsoft.Hosting.Lifetime[0]
      Application started. Press Ctrl+C to shut down.
info: Microsoft.Hosting.Lifetime[0]
      Hosting environment: Development
info: Microsoft.Hosting.Lifetime[0]
      Content root path: /home/devops-intern/hng_boilerplate_csharp_web/src/Hng.Web

Welcome to .NET 8.0!
---------------------
SDK Version: 8.0.107

----------------
Installed an ASP.NET Core HTTPS development certificate.
To trust the certificate, view the instructions: https://aka.ms/dotnet-https-linux

----------------
Write your first app: https://aka.ms/dotnet-hello-world
Find out what's new: https://aka.ms/dotnet-whats-new
Explore documentation: https://aka.ms/dotnet-docs
Report issues and find source on GitHub: https://github.com/dotnet/core
Use 'dotnet --help' to see available commands or visit: https://aka.ms/dotnet-cli
--------------------------------------------------------------------------------------
Building...
/usr/lib/dotnet/sdk/8.0.107/Microsoft.Common.CurrentVersion.targets(2146,5): warning : The referenced project '../HNG-Boilerplate-Application/HNG-Boilerplate-Application.csproj' does not exist. [/home/devops-intern/hng_boilerplate_csharp_web/src/Hng.Web/Hng.Web.csproj]
/usr/lib/dotnet/sdk/8.0.107/Microsoft.Common.CurrentVersion.targets(5198,5): warning MSB3026: Could not copy "/home/devops-intern/hng_boilerplate_csharp_web/src/Hng.Web/obj/Debug/net8.0/apphost" to "bin/Debug/net8.0/Hng.Web". Beginning retry 1 in 1000ms. Text file busy : '/home/devops-intern/hng_boilerplate_csharp_web/src/Hng.Web/bin/Debug/net8.0/Hng.Web'  [/home/devops-intern/hng_boilerplate_csharp_web/src/Hng.Web/Hng.Web.csproj]
/usr/lib/dotnet/sdk/8.0.107/Microsoft.Common.CurrentVersion.targets(5198,5): warning MSB3026: Could not copy "/home/devops-intern/hng_boilerplate_csharp_web/src/Hng.Web/obj/Debug/net8.0/apphost" to "bin/Debug/net8.0/Hng.Web". Beginning retry 2 in 1000ms. Text file busy : '/home/devops-intern/hng_boilerplate_csharp_web/src/Hng.Web/bin/Debug/net8.0/Hng.Web'  [/home/devops-intern/hng_boilerplate_csharp_web/src/Hng.Web/Hng.Web.csproj]
/usr/lib/dotnet/sdk/8.0.107/Microsoft.Common.CurrentVersion.targets(5198,5): warning MSB3026: Could not copy "/home/devops-intern/hng_boilerplate_csharp_web/src/Hng.Web/obj/Debug/net8.0/apphost" to "bin/Debug/net8.0/Hng.Web". Beginning retry 3 in 1000ms. Text file busy : '/home/devops-intern/hng_boilerplate_csharp_web/src/Hng.Web/bin/Debug/net8.0/Hng.Web'  [/home/devops-intern/hng_boilerplate_csharp_web/src/Hng.Web/Hng.Web.csproj]
/usr/lib/dotnet/sdk/8.0.107/Microsoft.Common.CurrentVersion.targets(5198,5): warning MSB3026: Could not copy "/home/devops-intern/hng_boilerplate_csharp_web/src/Hng.Web/obj/Debug/net8.0/apphost" to "bin/Debug/net8.0/Hng.Web". Beginning retry 4 in 1000ms. Text file busy : '/home/devops-intern/hng_boilerplate_csharp_web/src/Hng.Web/bin/Debug/net8.0/Hng.Web'  [/home/devops-intern/hng_boilerplate_csharp_web/src/Hng.Web/Hng.Web.csproj]
/usr/lib/dotnet/sdk/8.0.107/Microsoft.Common.CurrentVersion.targets(5198,5): warning MSB3026: Could not copy "/home/devops-intern/hng_boilerplate_csharp_web/src/Hng.Web/obj/Debug/net8.0/apphost" to "bin/Debug/net8.0/Hng.Web". Beginning retry 5 in 1000ms. Text file busy : '/home/devops-intern/hng_boilerplate_csharp_web/src/Hng.Web/bin/Debug/net8.0/Hng.Web'  [/home/devops-intern/hng_boilerplate_csharp_web/src/Hng.Web/Hng.Web.csproj]
/usr/lib/dotnet/sdk/8.0.107/Microsoft.Common.CurrentVersion.targets(5198,5): warning MSB3026: Could not copy "/home/devops-intern/hng_boilerplate_csharp_web/src/Hng.Web/obj/Debug/net8.0/apphost" to "bin/Debug/net8.0/Hng.Web". Beginning retry 6 in 1000ms. Text file busy : '/home/devops-intern/hng_boilerplate_csharp_web/src/Hng.Web/bin/Debug/net8.0/Hng.Web'  [/home/devops-intern/hng_boilerplate_csharp_web/src/Hng.Web/Hng.Web.csproj]
/usr/lib/dotnet/sdk/8.0.107/Microsoft.Common.CurrentVersion.targets(5198,5): warning MSB3026: Could not copy "/home/devops-intern/hng_boilerplate_csharp_web/src/Hng.Web/obj/Debug/net8.0/apphost" to "bin/Debug/net8.0/Hng.Web". Beginning retry 7 in 1000ms. Text file busy : '/home/devops-intern/hng_boilerplate_csharp_web/src/Hng.Web/bin/Debug/net8.0/Hng.Web'  [/home/devops-intern/hng_boilerplate_csharp_web/src/Hng.Web/Hng.Web.csproj]
/usr/lib/dotnet/sdk/8.0.107/Microsoft.Common.CurrentVersion.targets(5198,5): warning MSB3026: Could not copy "/home/devops-intern/hng_boilerplate_csharp_web/src/Hng.Web/obj/Debug/net8.0/apphost" to "bin/Debug/net8.0/Hng.Web". Beginning retry 8 in 1000ms. Text file busy : '/home/devops-intern/hng_boilerplate_csharp_web/src/Hng.Web/bin/Debug/net8.0/Hng.Web'  [/home/devops-intern/hng_boilerplate_csharp_web/src/Hng.Web/Hng.Web.csproj]
/usr/lib/dotnet/sdk/8.0.107/Microsoft.Common.CurrentVersion.targets(5198,5): warning MSB3026: Could not copy "/home/devops-intern/hng_boilerplate_csharp_web/src/Hng.Web/obj/Debug/net8.0/apphost" to "bin/Debug/net8.0/Hng.Web". Beginning retry 9 in 1000ms. Text file busy : '/home/devops-intern/hng_boilerplate_csharp_web/src/Hng.Web/bin/Debug/net8.0/Hng.Web'  [/home/devops-intern/hng_boilerplate_csharp_web/src/Hng.Web/Hng.Web.csproj]
/usr/lib/dotnet/sdk/8.0.107/Microsoft.Common.CurrentVersion.targets(5198,5): warning MSB3026: Could not copy "/home/devops-intern/hng_boilerplate_csharp_web/src/Hng.Web/obj/Debug/net8.0/apphost" to "bin/Debug/net8.0/Hng.Web". Beginning retry 10 in 1000ms. Text file busy : '/home/devops-intern/hng_boilerplate_csharp_web/src/Hng.Web/bin/Debug/net8.0/Hng.Web'  [/home/devops-intern/hng_boilerplate_csharp_web/src/Hng.Web/Hng.Web.csproj]
/usr/lib/dotnet/sdk/8.0.107/Microsoft.Common.CurrentVersion.targets(5198,5): error MSB3027: Could not copy "/home/devops-intern/hng_boilerplate_csharp_web/src/Hng.Web/obj/Debug/net8.0/apphost" to "bin/Debug/net8.0/Hng.Web". Exceeded retry count of 10. Failed.  [/home/devops-intern/hng_boilerplate_csharp_web/src/Hng.Web/Hng.Web.csproj]
/usr/lib/dotnet/sdk/8.0.107/Microsoft.Common.CurrentVersion.targets(5198,5): error MSB3021: Unable to copy file "/home/devops-intern/hng_boilerplate_csharp_web/src/Hng.Web/obj/Debug/net8.0/apphost" to "bin/Debug/net8.0/Hng.Web". Text file busy : '/home/devops-intern/hng_boilerplate_csharp_web/src/Hng.Web/bin/Debug/net8.0/Hng.Web' [/home/devops-intern/hng_boilerplate_csharp_web/src/Hng.Web/Hng.Web.csproj]

The build failed. Fix the build errors and run again.
warn: Microsoft.AspNetCore.Server.Kestrel[22]
      As of "07/17/2024 13:21:33 +00:00", the heartbeat has been running for "00:00:01.8927596" which is longer than "00:00:01". This could be caused by thread pool starvation.
info: Microsoft.Hosting.Lifetime[0]
      Application is shutting down...
Building...
info: Microsoft.Hosting.Lifetime[14]
      Now listening on: http://0.0.0.0:80
info: Microsoft.Hosting.Lifetime[0]
      Application started. Press Ctrl+C to shut down.
info: Microsoft.Hosting.Lifetime[0]
      Hosting environment: Development
info: Microsoft.Hosting.Lifetime[0]
      Content root path: /home/devops-intern/hng_boilerplate_csharp_web/src/Hng.Web
